<?xml version="1.0" encoding="UTF-8"?>
<!-- Generated by org.testng.reporters.JUnitXMLReporter -->
<testsuite hostname="Anishs-MacBook-Pro-3.local" failures="0" tests="6" name="Default test" time="2.611" errors="0" timestamp="9 Jun 2022 02:51:03 GMT">
  <testcase classname="testCases.TC01_GET" name="createPost" time="1.208"/>
  <testcase classname="testCases.TC01_GET" name="getComments" time="0.155"/>
  <testcase classname="testCases.TC01_GET" name="getCommentsPost" time="0.138"/>
  <testcase classname="testCases.TC01_GET" name="getPost" time="0.192"/>
  <testcase classname="testCases.TC01_GET" name="getPostwithID" time="0.158"/>
  <testcase classname="testCases.TC01_GET" name="update" time="0.352"/>
</testsuite> <!-- Default test -->
