<?xml version="1.0" encoding="UTF-8"?>
<testng-results total="6" passed="6" failed="0" skipped="0">
  <reporter-output>
  </reporter-output>
  <suite started-at="2022-06-09T02:51:00Z" name="Default suite" finished-at="2022-06-09T02:51:03Z" duration-ms="2611">
    <groups>
    </groups>
    <test started-at="2022-06-09T02:51:00Z" name="Default test" finished-at="2022-06-09T02:51:03Z" duration-ms="2611">
      <class name="testCases.TC01_GET">
        <test-method is-config="true" signature="init()[pri:0, instance:testCases.TC01_GET@53fdffa1]" started-at="2022-06-08T22:51:00Z" name="init" finished-at="2022-06-08T22:51:00Z" duration-ms="397" status="PASS">
          <reporter-output>
          </reporter-output>
        </test-method> <!-- init -->
        <test-method signature="createPost()[pri:0, instance:testCases.TC01_GET@53fdffa1]" started-at="2022-06-08T22:51:00Z" name="createPost" finished-at="2022-06-08T22:51:02Z" duration-ms="1208" status="PASS">
          <reporter-output>
          </reporter-output>
        </test-method> <!-- createPost -->
        <test-method signature="getComments()[pri:0, instance:testCases.TC01_GET@53fdffa1]" started-at="2022-06-08T22:51:02Z" name="getComments" finished-at="2022-06-08T22:51:02Z" duration-ms="155" status="PASS">
          <reporter-output>
          </reporter-output>
        </test-method> <!-- getComments -->
        <test-method signature="getCommentsPost()[pri:0, instance:testCases.TC01_GET@53fdffa1]" started-at="2022-06-08T22:51:02Z" name="getCommentsPost" finished-at="2022-06-08T22:51:02Z" duration-ms="138" status="PASS">
          <reporter-output>
          </reporter-output>
        </test-method> <!-- getCommentsPost -->
        <test-method signature="getPost()[pri:0, instance:testCases.TC01_GET@53fdffa1]" started-at="2022-06-08T22:51:02Z" name="getPost" finished-at="2022-06-08T22:51:02Z" duration-ms="192" status="PASS">
          <reporter-output>
          </reporter-output>
        </test-method> <!-- getPost -->
        <test-method signature="getPostwithID()[pri:0, instance:testCases.TC01_GET@53fdffa1]" started-at="2022-06-08T22:51:02Z" name="getPostwithID" finished-at="2022-06-08T22:51:02Z" duration-ms="158" status="PASS">
          <reporter-output>
          </reporter-output>
        </test-method> <!-- getPostwithID -->
        <test-method signature="update()[pri:0, instance:testCases.TC01_GET@53fdffa1]" started-at="2022-06-08T22:51:02Z" name="update" finished-at="2022-06-08T22:51:03Z" duration-ms="352" status="PASS">
          <reporter-output>
          </reporter-output>
        </test-method> <!-- update -->
      </class> <!-- testCases.TC01_GET -->
    </test> <!-- Default test -->
  </suite> <!-- Default suite -->
</testng-results>
